INFO:Program Started
INFO:Logger Started
INFO:Data Set Number: 0
INFO:Start sequence inbound: ['compound0', 'inbound0']
INFO:Start sequence outbound: ['outbound0', 'compound0']
DEBUG:Current time: 1-------------------
DEBUG:Current time: 2-------------------
DEBUG:Current time: 3-------------------
DEBUG:Current time: 4-------------------
DEBUG:Ready to load: outbound0
DEBUG:Ready to load: outbound0
DEBUG:Going good amounts outbound0: {0: 12}
DEBUG:---Reserve Goods
DEBUG:Good name: 0
DEBUG:Needed amount: 12
DEBUG:Loading finish outbound0: 4.0
DEBUG:---Check Goods
DEBUG:---Reserved goods:
DEBUG:---Station goods:
DEBUG:Current time: 5-------------------
DEBUG:Ready to load: outbound0
DEBUG:Going good amounts outbound0: {0: 12}
DEBUG:---Reserve Goods
DEBUG:Good name: 0
DEBUG:Needed amount: 12
DEBUG:Loading finish outbound0: 5.0
DEBUG:---Check Goods
DEBUG:---Reserved goods:
DEBUG:---Station goods:
DEBUG:----Deploy goods:
DEBUG:------0: 12
DEBUG:----Finish time: 17
DEBUG:Current time: 6-------------------
DEBUG:Ready to load: outbound0
DEBUG:Going good amounts outbound0: {0: 12}
DEBUG:---Reserve Goods
DEBUG:Good name: 0
DEBUG:Needed amount: 12
DEBUG:Loading finish outbound0: 6.0
DEBUG:---Check Goods
DEBUG:---Reserved goods:
DEBUG:---Station goods:
DEBUG:Current time: 7-------------------
DEBUG:Ready to load: outbound0
DEBUG:Going good amounts outbound0: {0: 12}
DEBUG:---Reserve Goods
DEBUG:Good name: 0
DEBUG:Needed amount: 12
DEBUG:Loading finish outbound0: 7.0
DEBUG:---Check Goods
DEBUG:---Reserved goods:
DEBUG:---Station goods:
DEBUG:Current time: 8-------------------
DEBUG:Ready to load: outbound0
DEBUG:Going good amounts outbound0: {0: 12}
DEBUG:---Reserve Goods
DEBUG:Good name: 0
DEBUG:Needed amount: 12
DEBUG:Loading finish outbound0: 8.0
DEBUG:---Check Goods
DEBUG:---Reserved goods:
DEBUG:---Station goods:
DEBUG:Current time: 9-------------------
DEBUG:Ready to load: outbound0
DEBUG:Going good amounts outbound0: {0: 12}
DEBUG:---Reserve Goods
DEBUG:Good name: 0
DEBUG:Needed amount: 12
DEBUG:Loading finish outbound0: 9.0
DEBUG:---Check Goods
DEBUG:---Reserved goods:
DEBUG:---Station goods:
DEBUG:Current time: 10-------------------
DEBUG:Ready to load: outbound0
DEBUG:Going good amounts outbound0: {0: 12}
DEBUG:---Reserve Goods
DEBUG:Good name: 0
DEBUG:Needed amount: 12
DEBUG:Loading finish outbound0: 10.0
DEBUG:---Check Goods
DEBUG:---Reserved goods:
DEBUG:---Station goods:
DEBUG:Current time: 11-------------------
DEBUG:Ready to load: outbound0
DEBUG:Going good amounts outbound0: {0: 12}
DEBUG:---Reserve Goods
DEBUG:Good name: 0
DEBUG:Needed amount: 12
DEBUG:Loading finish outbound0: 11.0
DEBUG:---Check Goods
DEBUG:---Reserved goods:
DEBUG:---Station goods:
DEBUG:Current time: 12-------------------
DEBUG:Ready to load: outbound0
DEBUG:Going good amounts outbound0: {0: 12}
DEBUG:---Reserve Goods
DEBUG:Good name: 0
DEBUG:Needed amount: 12
DEBUG:Loading finish outbound0: 12.0
DEBUG:---Check Goods
DEBUG:---Reserved goods:
DEBUG:---Station goods:
DEBUG:Current time: 13-------------------
DEBUG:Ready to load: outbound0
DEBUG:Going good amounts outbound0: {0: 12}
DEBUG:---Reserve Goods
DEBUG:Good name: 0
DEBUG:Needed amount: 12
DEBUG:Loading finish outbound0: 13.0
DEBUG:---Check Goods
DEBUG:---Reserved goods:
DEBUG:---Station goods:
DEBUG:Current time: 14-------------------
DEBUG:Ready to load: outbound0
DEBUG:Going good amounts outbound0: {0: 12}
DEBUG:---Reserve Goods
DEBUG:Good name: 0
DEBUG:Needed amount: 12
DEBUG:Loading finish outbound0: 14.0
DEBUG:---Check Goods
DEBUG:---Reserved goods:
DEBUG:---Station goods:
DEBUG:Current time: 15-------------------
DEBUG:Ready to load: outbound0
DEBUG:Going good amounts outbound0: {0: 12}
DEBUG:---Reserve Goods
DEBUG:Good name: 0
DEBUG:Needed amount: 12
DEBUG:Loading finish outbound0: 15.0
DEBUG:---Check Goods
DEBUG:---Reserved goods:
DEBUG:---Station goods:
DEBUG:Current time: 16-------------------
DEBUG:Ready to load: outbound0
DEBUG:Going good amounts outbound0: {0: 12}
DEBUG:---Reserve Goods
DEBUG:Good name: 0
DEBUG:Needed amount: 12
DEBUG:Loading finish outbound0: 16.0
DEBUG:---Check Goods
DEBUG:---Reserved goods:
DEBUG:---Station goods:
DEBUG:Current time: 17-------------------
DEBUG:Ready to load: outbound0
DEBUG:Going good amounts outbound0: {0: 12}
DEBUG:---Reserve Goods
DEBUG:Good name: 0
DEBUG:Needed amount: 12
DEBUG:Loading finish outbound0: 17.0
DEBUG:---Check Goods
DEBUG:---Reserved goods:
DEBUG:---Station goods:
DEBUG:Current time: 18-------------------
DEBUG:----Deploy goods:
DEBUG:------0: 12
DEBUG:----Finish time: 30
DEBUG:Ready to load: outbound0
DEBUG:Going good amounts outbound0: {0: 12}
DEBUG:---Reserve Goods
DEBUG:Good name: 0
DEBUG:Needed amount: 12
DEBUG:Loading finish outbound0: 18.0
DEBUG:---Check Goods
DEBUG:---Reserved goods:
DEBUG:---Station goods:
DEBUG:Station: Unloading goods from truck
DEBUG:--Station: good type:0, amount:12
DEBUG:Current time: 19-------------------
DEBUG:Ready to load: outbound0
DEBUG:Going good amounts outbound0: {0: 12}
DEBUG:---Reserve Goods
DEBUG:Good name: 0
DEBUG:Needed amount: 12
DEBUG:Good in station: 0
DEBUG:needed amount 0: 12
DEBUG:Loading finish outbound0: 19.0
DEBUG:---Check Goods
DEBUG:---Reserved goods:
DEBUG:0 : 12
DEBUG:---Station goods:
DEBUG:0 : 12
DEBUG:Current time: 20-------------------
DEBUG:Ready to load: outbound0
DEBUG:Going good amounts outbound0: {0: 12}
DEBUG:---Reserve Goods
DEBUG:Good name: 0
DEBUG:Needed amount: 12
DEBUG:Good in station: 0
DEBUG:Good reserved: 0
DEBUG:needed amount 0: 0
DEBUG:Loading finish outbound0: 20.0
DEBUG:---Check Goods
DEBUG:---Reserved goods:
DEBUG:0 : 12
DEBUG:---Station goods:
DEBUG:0 : 12
DEBUG:Current time: 21-------------------
DEBUG:Ready to load: outbound0
DEBUG:Going good amounts outbound0: {0: 12}
DEBUG:---Reserve Goods
DEBUG:Good name: 0
DEBUG:Needed amount: 12
DEBUG:Good in station: 0
DEBUG:Good reserved: 0
DEBUG:needed amount 0: 0
DEBUG:Loading finish outbound0: 21.0
DEBUG:---Check Goods
DEBUG:---Reserved goods:
DEBUG:0 : 12
DEBUG:---Station goods:
DEBUG:0 : 12
DEBUG:Current time: 22-------------------
DEBUG:Ready to load: outbound0
DEBUG:Going good amounts outbound0: {0: 12}
DEBUG:---Reserve Goods
DEBUG:Good name: 0
DEBUG:Needed amount: 12
DEBUG:Good in station: 0
DEBUG:Good reserved: 0
DEBUG:needed amount 0: 0
DEBUG:Loading finish outbound0: 22.0
DEBUG:---Check Goods
DEBUG:---Reserved goods:
DEBUG:0 : 12
DEBUG:---Station goods:
DEBUG:0 : 12
DEBUG:Current time: 23-------------------
DEBUG:Ready to load: outbound0
DEBUG:Going good amounts outbound0: {0: 12}
DEBUG:---Reserve Goods
DEBUG:Good name: 0
DEBUG:Needed amount: 12
DEBUG:Good in station: 0
DEBUG:Good reserved: 0
DEBUG:needed amount 0: 0
DEBUG:Loading finish outbound0: 23.0
DEBUG:---Check Goods
DEBUG:---Reserved goods:
DEBUG:0 : 12
DEBUG:---Station goods:
DEBUG:0 : 12
DEBUG:Current time: 24-------------------
DEBUG:Ready to load: outbound0
DEBUG:Going good amounts outbound0: {0: 12}
DEBUG:---Reserve Goods
DEBUG:Good name: 0
DEBUG:Needed amount: 12
DEBUG:Good in station: 0
DEBUG:Good reserved: 0
DEBUG:needed amount 0: 0
DEBUG:Loading finish outbound0: 24.0
DEBUG:---Check Goods
DEBUG:---Reserved goods:
DEBUG:0 : 12
DEBUG:---Station goods:
DEBUG:0 : 12
DEBUG:Current time: 25-------------------
DEBUG:Ready to load: outbound0
DEBUG:Going good amounts outbound0: {0: 12}
DEBUG:---Reserve Goods
DEBUG:Good name: 0
DEBUG:Needed amount: 12
DEBUG:Good in station: 0
DEBUG:Good reserved: 0
DEBUG:needed amount 0: 0
DEBUG:Loading finish outbound0: 25.0
DEBUG:---Check Goods
DEBUG:---Reserved goods:
DEBUG:0 : 12
DEBUG:---Station goods:
DEBUG:0 : 12
DEBUG:Current time: 26-------------------
DEBUG:Ready to load: outbound0
DEBUG:Going good amounts outbound0: {0: 12}
DEBUG:---Reserve Goods
DEBUG:Good name: 0
DEBUG:Needed amount: 12
DEBUG:Good in station: 0
DEBUG:Good reserved: 0
DEBUG:needed amount 0: 0
DEBUG:Loading finish outbound0: 26.0
DEBUG:---Check Goods
DEBUG:---Reserved goods:
DEBUG:0 : 12
DEBUG:---Station goods:
DEBUG:0 : 12
DEBUG:Current time: 27-------------------
DEBUG:Ready to load: outbound0
DEBUG:Going good amounts outbound0: {0: 12}
DEBUG:---Reserve Goods
DEBUG:Good name: 0
DEBUG:Needed amount: 12
DEBUG:Good in station: 0
DEBUG:Good reserved: 0
DEBUG:needed amount 0: 0
DEBUG:Loading finish outbound0: 27.0
DEBUG:---Check Goods
DEBUG:---Reserved goods:
DEBUG:0 : 12
DEBUG:---Station goods:
DEBUG:0 : 12
DEBUG:Current time: 28-------------------
DEBUG:Ready to load: outbound0
DEBUG:Going good amounts outbound0: {0: 12}
DEBUG:---Reserve Goods
DEBUG:Good name: 0
DEBUG:Needed amount: 12
DEBUG:Good in station: 0
DEBUG:Good reserved: 0
DEBUG:needed amount 0: 0
DEBUG:Loading finish outbound0: 28.0
DEBUG:---Check Goods
DEBUG:---Reserved goods:
DEBUG:0 : 12
DEBUG:---Station goods:
DEBUG:0 : 12
DEBUG:Current time: 29-------------------
DEBUG:Ready to load: outbound0
DEBUG:Going good amounts outbound0: {0: 12}
DEBUG:---Reserve Goods
DEBUG:Good name: 0
DEBUG:Needed amount: 12
DEBUG:Good in station: 0
DEBUG:Good reserved: 0
DEBUG:needed amount 0: 0
DEBUG:Loading finish outbound0: 29.0
DEBUG:---Check Goods
DEBUG:---Reserved goods:
DEBUG:0 : 12
DEBUG:---Station goods:
DEBUG:0 : 12
DEBUG:Current time: 30-------------------
DEBUG:Ready to load: outbound0
DEBUG:Going good amounts outbound0: {0: 12}
DEBUG:---Reserve Goods
DEBUG:Good name: 0
DEBUG:Needed amount: 12
DEBUG:Good in station: 0
DEBUG:Good reserved: 0
DEBUG:needed amount 0: 0
DEBUG:Loading finish outbound0: 30.0
DEBUG:---Check Goods
DEBUG:---Reserved goods:
DEBUG:0 : 12
DEBUG:---Station goods:
DEBUG:0 : 12
DEBUG:Current time: 31-------------------
DEBUG:Ready to load: outbound0
DEBUG:Going good amounts outbound0: {0: 12}
DEBUG:---Reserve Goods
DEBUG:Good name: 0
DEBUG:Needed amount: 12
DEBUG:Good in station: 0
DEBUG:Good reserved: 0
DEBUG:needed amount 0: 0
DEBUG:Loading finish outbound0: 31.0
DEBUG:---Check Goods
DEBUG:---Reserved goods:
DEBUG:0 : 12
DEBUG:---Station goods:
DEBUG:0 : 12
DEBUG:Station: Unloading goods from truck
DEBUG:--Station: good type:0, amount:24
DEBUG:Current time: 32-------------------
DEBUG:Ready to load: outbound0
DEBUG:Going good amounts outbound0: {0: 12}
DEBUG:---Reserve Goods
DEBUG:Good name: 0
DEBUG:Needed amount: 12
DEBUG:Good in station: 0
DEBUG:Good reserved: 0
DEBUG:needed amount 0: 0
DEBUG:Loading finish outbound0: 32.0
DEBUG:---Check Goods
DEBUG:---Reserved goods:
DEBUG:0 : 12
DEBUG:---Station goods:
DEBUG:0 : 12
DEBUG:0 : 12
DEBUG:Current time: 33-------------------
DEBUG:Ready to load: outbound0
DEBUG:Going good amounts outbound0: {0: 12}
DEBUG:---Reserve Goods
DEBUG:Good name: 0
DEBUG:Needed amount: 12
DEBUG:Good in station: 0
DEBUG:Good reserved: 0
DEBUG:needed amount 0: 0
DEBUG:Loading finish outbound0: 33.0
DEBUG:---Check Goods
DEBUG:---Reserved goods:
DEBUG:0 : 12
DEBUG:---Station goods:
DEBUG:0 : 12
DEBUG:0 : 12
DEBUG:Current time: 34-------------------
DEBUG:Ready to load: outbound0
DEBUG:Going good amounts outbound0: {0: 12}
DEBUG:---Reserve Goods
DEBUG:Good name: 0
DEBUG:Needed amount: 12
DEBUG:Good in station: 0
DEBUG:Good reserved: 0
DEBUG:needed amount 0: 0
DEBUG:Loading finish outbound0: 34.0
DEBUG:---Check Goods
DEBUG:---Reserved goods:
DEBUG:0 : 12
DEBUG:---Station goods:
DEBUG:0 : 12
DEBUG:0 : 12
DEBUG:Current time: 35-------------------
DEBUG:Ready to load: outbound0
DEBUG:Going good amounts outbound0: {0: 12}
DEBUG:---Reserve Goods
DEBUG:Good name: 0
DEBUG:Needed amount: 12
DEBUG:Good in station: 0
DEBUG:Good reserved: 0
DEBUG:needed amount 0: 0
DEBUG:Loading finish outbound0: 35.0
DEBUG:---Check Goods
DEBUG:---Reserved goods:
DEBUG:0 : 12
DEBUG:---Station goods:
DEBUG:0 : 12
DEBUG:0 : 12
DEBUG:Current time: 36-------------------
DEBUG:Ready to load: outbound0
DEBUG:Going good amounts outbound0: {0: 12}
DEBUG:---Reserve Goods
DEBUG:Good name: 0
DEBUG:Needed amount: 12
DEBUG:Good in station: 0
DEBUG:Good reserved: 0
DEBUG:needed amount 0: 0
DEBUG:Loading finish outbound0: 36.0
DEBUG:---Check Goods
DEBUG:---Reserved goods:
DEBUG:0 : 12
DEBUG:---Station goods:
DEBUG:0 : 12
DEBUG:0 : 12
DEBUG:Current time: 37-------------------
DEBUG:Ready to load: outbound0
DEBUG:Going good amounts outbound0: {0: 12}
DEBUG:---Reserve Goods
DEBUG:Good name: 0
DEBUG:Needed amount: 12
DEBUG:Good in station: 0
DEBUG:Good reserved: 0
DEBUG:needed amount 0: 0
DEBUG:Loading finish outbound0: 37.0
DEBUG:---Check Goods
DEBUG:---Reserved goods:
DEBUG:0 : 12
DEBUG:---Station goods:
DEBUG:0 : 12
DEBUG:0 : 12
DEBUG:Current time: 38-------------------
DEBUG:Ready to load: outbound0
DEBUG:Going good amounts outbound0: {0: 12}
DEBUG:---Reserve Goods
DEBUG:Good name: 0
DEBUG:Needed amount: 12
DEBUG:Good in station: 0
DEBUG:Good reserved: 0
DEBUG:needed amount 0: 0
DEBUG:Loading finish outbound0: 38.0
DEBUG:---Check Goods
DEBUG:---Reserved goods:
DEBUG:0 : 12
DEBUG:---Station goods:
DEBUG:0 : 12
DEBUG:0 : 12
DEBUG:Current time: 39-------------------
DEBUG:Ready to load: outbound0
DEBUG:Going good amounts outbound0: {0: 12}
DEBUG:---Reserve Goods
DEBUG:Good name: 0
DEBUG:Needed amount: 12
DEBUG:Good in station: 0
DEBUG:Good reserved: 0
DEBUG:needed amount 0: 0
DEBUG:Loading finish outbound0: 39.0
DEBUG:---Check Goods
DEBUG:---Reserved goods:
DEBUG:0 : 12
DEBUG:---Station goods:
DEBUG:0 : 12
DEBUG:0 : 12
DEBUG:Current time: 40-------------------
DEBUG:Ready to load: outbound0
DEBUG:Going good amounts outbound0: {0: 12}
DEBUG:---Reserve Goods
DEBUG:Good name: 0
DEBUG:Needed amount: 12
DEBUG:Good in station: 0
DEBUG:Good reserved: 0
DEBUG:needed amount 0: 0
DEBUG:Loading finish outbound0: 40.0
DEBUG:---Check Goods
DEBUG:---Reserved goods:
DEBUG:0 : 12
DEBUG:---Station goods:
DEBUG:0 : 12
DEBUG:0 : 12
DEBUG:Current time: 41-------------------
DEBUG:Ready to load: outbound0
DEBUG:Going good amounts outbound0: {0: 12}
DEBUG:---Reserve Goods
DEBUG:Good name: 0
DEBUG:Needed amount: 12
DEBUG:Good in station: 0
DEBUG:Good reserved: 0
DEBUG:needed amount 0: 0
DEBUG:Loading finish outbound0: 41.0
DEBUG:---Check Goods
DEBUG:---Reserved goods:
DEBUG:0 : 12
DEBUG:---Station goods:
DEBUG:0 : 12
DEBUG:0 : 12
DEBUG:Current time: 42-------------------
DEBUG:Ready to load: outbound0
DEBUG:Going good amounts outbound0: {0: 12}
DEBUG:---Reserve Goods
DEBUG:Good name: 0
DEBUG:Needed amount: 12
DEBUG:Good in station: 0
DEBUG:Good reserved: 0
DEBUG:needed amount 0: 0
DEBUG:Loading finish outbound0: 42.0
DEBUG:---Check Goods
DEBUG:---Reserved goods:
DEBUG:0 : 12
DEBUG:---Station goods:
DEBUG:0 : 12
DEBUG:0 : 12
DEBUG:Current time: 43-------------------
DEBUG:Ready to load: outbound0
DEBUG:Going good amounts outbound0: {0: 12}
DEBUG:---Reserve Goods
DEBUG:Good name: 0
DEBUG:Needed amount: 12
DEBUG:Good in station: 0
DEBUG:Good reserved: 0
DEBUG:needed amount 0: 0
DEBUG:Loading finish outbound0: 43.0
DEBUG:---Check Goods
DEBUG:---Reserved goods:
DEBUG:0 : 12
DEBUG:---Station goods:
DEBUG:0 : 12
DEBUG:0 : 12
DEBUG:Current time: 44-------------------
DEBUG:Ready to load: outbound0
DEBUG:Going good amounts outbound0: {0: 12}
DEBUG:---Reserve Goods
DEBUG:Good name: 0
DEBUG:Needed amount: 12
DEBUG:Good in station: 0
DEBUG:Good reserved: 0
DEBUG:needed amount 0: 0
DEBUG:Loading finish outbound0: 44.0
DEBUG:---Check Goods
DEBUG:---Reserved goods:
DEBUG:0 : 12
DEBUG:---Station goods:
DEBUG:0 : 12
DEBUG:0 : 12
DEBUG:Current time: 45-------------------
DEBUG:Ready to load: outbound0
DEBUG:Going good amounts outbound0: {0: 12}
DEBUG:---Reserve Goods
DEBUG:Good name: 0
DEBUG:Needed amount: 12
DEBUG:Good in station: 0
DEBUG:Good reserved: 0
DEBUG:needed amount 0: 0
DEBUG:Loading finish outbound0: 45.0
DEBUG:---Check Goods
DEBUG:---Reserved goods:
DEBUG:0 : 12
DEBUG:---Station goods:
DEBUG:0 : 12
DEBUG:0 : 12
DEBUG:Current time: 46-------------------
DEBUG:Ready to load: outbound0
DEBUG:Going good amounts outbound0: {0: 12}
DEBUG:---Reserve Goods
DEBUG:Good name: 0
DEBUG:Needed amount: 12
DEBUG:Good in station: 0
DEBUG:Good reserved: 0
DEBUG:needed amount 0: 0
DEBUG:Loading finish outbound0: 46.0
DEBUG:---Check Goods
DEBUG:---Reserved goods:
DEBUG:0 : 12
DEBUG:---Station goods:
DEBUG:0 : 12
DEBUG:0 : 12
DEBUG:Current time: 47-------------------
DEBUG:Ready to load: outbound0
DEBUG:Going good amounts outbound0: {0: 12}
DEBUG:---Reserve Goods
DEBUG:Good name: 0
DEBUG:Needed amount: 12
DEBUG:Good in station: 0
DEBUG:Good reserved: 0
DEBUG:needed amount 0: 0
DEBUG:Loading finish outbound0: 47.0
DEBUG:---Check Goods
DEBUG:---Reserved goods:
DEBUG:0 : 12
DEBUG:---Station goods:
DEBUG:0 : 12
DEBUG:0 : 12
DEBUG:Current time: 48-------------------
DEBUG:Ready to load: outbound0
DEBUG:Going good amounts outbound0: {0: 12}
DEBUG:---Reserve Goods
DEBUG:Good name: 0
DEBUG:Needed amount: 12
DEBUG:Good in station: 0
DEBUG:Good reserved: 0
DEBUG:needed amount 0: 0
DEBUG:Loading finish outbound0: 48.0
DEBUG:---Check Goods
DEBUG:---Reserved goods:
DEBUG:0 : 12
DEBUG:---Station goods:
DEBUG:0 : 12
DEBUG:0 : 12
DEBUG:Current time: 49-------------------
DEBUG:Ready to load: outbound0
DEBUG:Going good amounts outbound0: {0: 12}
DEBUG:---Reserve Goods
DEBUG:Good name: 0
DEBUG:Needed amount: 12
DEBUG:Good in station: 0
DEBUG:Good reserved: 0
DEBUG:needed amount 0: 0
DEBUG:Loading finish outbound0: 49.0
DEBUG:---Check Goods
DEBUG:---Reserved goods:
DEBUG:0 : 12
DEBUG:---Station goods:
DEBUG:0 : 12
DEBUG:0 : 12
DEBUG:Current time: 50-------------------
DEBUG:Ready to load: outbound0
DEBUG:Going good amounts outbound0: {0: 12}
DEBUG:---Reserve Goods
DEBUG:Good name: 0
DEBUG:Needed amount: 12
DEBUG:Good in station: 0
DEBUG:Good reserved: 0
DEBUG:needed amount 0: 0
DEBUG:Loading finish outbound0: 50.0
DEBUG:---Check Goods
DEBUG:---Reserved goods:
DEBUG:0 : 12
DEBUG:---Station goods:
DEBUG:0 : 12
DEBUG:0 : 12
DEBUG:Current time: 51-------------------
DEBUG:Ready to load: outbound0
DEBUG:Going good amounts outbound0: {0: 12}
DEBUG:---Reserve Goods
DEBUG:Good name: 0
DEBUG:Needed amount: 12
DEBUG:Good in station: 0
DEBUG:Good reserved: 0
DEBUG:needed amount 0: 0
DEBUG:Loading finish outbound0: 51.0
DEBUG:---Check Goods
DEBUG:---Reserved goods:
DEBUG:0 : 12
DEBUG:---Station goods:
DEBUG:0 : 12
DEBUG:0 : 12
DEBUG:Current time: 52-------------------
DEBUG:Ready to load: outbound0
DEBUG:Going good amounts outbound0: {0: 12}
DEBUG:---Reserve Goods
DEBUG:Good name: 0
DEBUG:Needed amount: 12
DEBUG:Good in station: 0
DEBUG:Good reserved: 0
DEBUG:needed amount 0: 0
DEBUG:Loading finish outbound0: 52.0
DEBUG:---Check Goods
DEBUG:---Reserved goods:
DEBUG:0 : 12
DEBUG:---Station goods:
DEBUG:0 : 12
DEBUG:0 : 12
DEBUG:Current time: 53-------------------
DEBUG:Ready to load: outbound0
DEBUG:Going good amounts outbound0: {0: 12}
DEBUG:---Reserve Goods
DEBUG:Good name: 0
DEBUG:Needed amount: 12
DEBUG:Good in station: 0
DEBUG:Good reserved: 0
DEBUG:needed amount 0: 0
DEBUG:Loading finish outbound0: 53.0
DEBUG:---Check Goods
DEBUG:---Reserved goods:
DEBUG:0 : 12
DEBUG:---Station goods:
DEBUG:0 : 12
DEBUG:0 : 12
DEBUG:Current time: 54-------------------
DEBUG:Ready to load: outbound0
DEBUG:Going good amounts outbound0: {0: 12}
DEBUG:---Reserve Goods
DEBUG:Good name: 0
DEBUG:Needed amount: 12
DEBUG:Good in station: 0
DEBUG:Good reserved: 0
DEBUG:needed amount 0: 0
DEBUG:Loading finish outbound0: 54.0
DEBUG:---Check Goods
DEBUG:---Reserved goods:
DEBUG:0 : 12
DEBUG:---Station goods:
DEBUG:0 : 12
DEBUG:0 : 12
DEBUG:Current time: 55-------------------
DEBUG:Ready to load: outbound0
DEBUG:Going good amounts outbound0: {0: 12}
DEBUG:---Reserve Goods
DEBUG:Good name: 0
DEBUG:Needed amount: 12
DEBUG:Good in station: 0
DEBUG:Good reserved: 0
DEBUG:needed amount 0: 0
DEBUG:Loading finish outbound0: 55.0
DEBUG:---Check Goods
DEBUG:---Reserved goods:
DEBUG:0 : 12
DEBUG:---Station goods:
DEBUG:0 : 12
DEBUG:0 : 12
DEBUG:Current time: 56-------------------
DEBUG:Ready to load: outbound0
DEBUG:Going good amounts outbound0: {0: 12}
DEBUG:---Reserve Goods
DEBUG:Good name: 0
DEBUG:Needed amount: 12
DEBUG:Good in station: 0
DEBUG:Good reserved: 0
DEBUG:needed amount 0: 0
DEBUG:Loading finish outbound0: 56.0
DEBUG:---Check Goods
DEBUG:---Reserved goods:
DEBUG:0 : 12
DEBUG:---Station goods:
DEBUG:0 : 12
DEBUG:0 : 12
DEBUG:Current time: 57-------------------
DEBUG:Ready to load: outbound0
DEBUG:Going good amounts outbound0: {0: 12}
DEBUG:---Reserve Goods
DEBUG:Good name: 0
DEBUG:Needed amount: 12
DEBUG:Good in station: 0
DEBUG:Good reserved: 0
DEBUG:needed amount 0: 0
DEBUG:Loading finish outbound0: 57.0
DEBUG:---Check Goods
DEBUG:---Reserved goods:
DEBUG:0 : 12
DEBUG:---Station goods:
DEBUG:0 : 12
DEBUG:0 : 12
DEBUG:Current time: 58-------------------
DEBUG:Ready to load: outbound0
DEBUG:Going good amounts outbound0: {0: 12}
DEBUG:---Reserve Goods
DEBUG:Good name: 0
DEBUG:Needed amount: 12
DEBUG:Good in station: 0
DEBUG:Good reserved: 0
DEBUG:needed amount 0: 0
DEBUG:Loading finish outbound0: 58.0
DEBUG:---Check Goods
DEBUG:---Reserved goods:
DEBUG:0 : 12
DEBUG:---Station goods:
DEBUG:0 : 12
DEBUG:0 : 12
DEBUG:Current time: 59-------------------
DEBUG:Ready to load: outbound0
DEBUG:Going good amounts outbound0: {0: 12}
DEBUG:---Reserve Goods
DEBUG:Good name: 0
DEBUG:Needed amount: 12
DEBUG:Good in station: 0
DEBUG:Good reserved: 0
DEBUG:needed amount 0: 0
DEBUG:Loading finish outbound0: 59.0
DEBUG:---Check Goods
DEBUG:---Reserved goods:
DEBUG:0 : 12
DEBUG:---Station goods:
DEBUG:0 : 12
DEBUG:0 : 12
DEBUG:Current time: 60-------------------
DEBUG:Ready to load: outbound0
DEBUG:Going good amounts outbound0: {0: 12}
DEBUG:---Reserve Goods
DEBUG:Good name: 0
DEBUG:Needed amount: 12
DEBUG:Good in station: 0
DEBUG:Good reserved: 0
DEBUG:needed amount 0: 0
DEBUG:Loading finish outbound0: 60.0
DEBUG:---Check Goods
DEBUG:---Reserved goods:
DEBUG:0 : 12
DEBUG:---Station goods:
DEBUG:0 : 12
DEBUG:0 : 12
DEBUG:Current time: 61-------------------
DEBUG:Ready to load: outbound0
DEBUG:Going good amounts outbound0: {0: 12}
DEBUG:---Reserve Goods
DEBUG:Good name: 0
DEBUG:Needed amount: 12
DEBUG:Good in station: 0
DEBUG:Good reserved: 0
DEBUG:needed amount 0: 0
DEBUG:Loading finish outbound0: 61.0
DEBUG:---Check Goods
DEBUG:---Reserved goods:
DEBUG:0 : 12
DEBUG:---Station goods:
DEBUG:0 : 12
DEBUG:0 : 12
DEBUG:Current time: 62-------------------
DEBUG:Ready to load: outbound0
DEBUG:Going good amounts outbound0: {0: 12}
DEBUG:---Reserve Goods
DEBUG:Good name: 0
DEBUG:Needed amount: 12
DEBUG:Good in station: 0
DEBUG:Good reserved: 0
DEBUG:needed amount 0: 0
DEBUG:Loading finish outbound0: 62.0
DEBUG:---Check Goods
DEBUG:---Reserved goods:
DEBUG:0 : 12
DEBUG:---Station goods:
DEBUG:0 : 12
DEBUG:0 : 12
DEBUG:Current time: 63-------------------
DEBUG:Ready to load: outbound0
DEBUG:Going good amounts outbound0: {0: 12}
DEBUG:---Reserve Goods
DEBUG:Good name: 0
DEBUG:Needed amount: 12
DEBUG:Good in station: 0
DEBUG:Good reserved: 0
DEBUG:needed amount 0: 0
DEBUG:Loading finish outbound0: 63.0
DEBUG:---Check Goods
DEBUG:---Reserved goods:
DEBUG:0 : 12
DEBUG:---Station goods:
DEBUG:0 : 12
DEBUG:0 : 12
DEBUG:Current time: 64-------------------
DEBUG:Ready to load: outbound0
DEBUG:Going good amounts outbound0: {0: 12}
DEBUG:---Reserve Goods
DEBUG:Good name: 0
DEBUG:Needed amount: 12
DEBUG:Good in station: 0
DEBUG:Good reserved: 0
DEBUG:needed amount 0: 0
DEBUG:Loading finish outbound0: 64.0
DEBUG:---Check Goods
DEBUG:---Reserved goods:
DEBUG:0 : 12
DEBUG:---Station goods:
DEBUG:0 : 12
DEBUG:0 : 12
DEBUG:Current time: 65-------------------
DEBUG:Ready to load: outbound0
DEBUG:Going good amounts outbound0: {0: 12}
DEBUG:---Reserve Goods
DEBUG:Good name: 0
DEBUG:Needed amount: 12
DEBUG:Good in station: 0
DEBUG:Good reserved: 0
DEBUG:needed amount 0: 0
DEBUG:Loading finish outbound0: 65.0
DEBUG:---Check Goods
DEBUG:---Reserved goods:
DEBUG:0 : 12
DEBUG:---Station goods:
DEBUG:0 : 12
DEBUG:0 : 12
DEBUG:Current time: 66-------------------
DEBUG:Ready to load: outbound0
DEBUG:Going good amounts outbound0: {0: 12}
DEBUG:---Reserve Goods
DEBUG:Good name: 0
DEBUG:Needed amount: 12
DEBUG:Good in station: 0
DEBUG:Good reserved: 0
DEBUG:needed amount 0: 0
DEBUG:Loading finish outbound0: 66.0
DEBUG:---Check Goods
DEBUG:---Reserved goods:
DEBUG:0 : 12
DEBUG:---Station goods:
DEBUG:0 : 12
DEBUG:0 : 12
DEBUG:Current time: 67-------------------
DEBUG:Ready to load: outbound0
DEBUG:Going good amounts outbound0: {0: 12}
DEBUG:---Reserve Goods
DEBUG:Good name: 0
DEBUG:Needed amount: 12
DEBUG:Good in station: 0
DEBUG:Good reserved: 0
DEBUG:needed amount 0: 0
DEBUG:Loading finish outbound0: 67.0
DEBUG:---Check Goods
DEBUG:---Reserved goods:
DEBUG:0 : 12
DEBUG:---Station goods:
DEBUG:0 : 12
DEBUG:0 : 12
DEBUG:Current time: 68-------------------
DEBUG:Ready to load: outbound0
DEBUG:Going good amounts outbound0: {0: 12}
DEBUG:---Reserve Goods
DEBUG:Good name: 0
DEBUG:Needed amount: 12
DEBUG:Good in station: 0
DEBUG:Good reserved: 0
DEBUG:needed amount 0: 0
DEBUG:Loading finish outbound0: 68.0
DEBUG:---Check Goods
DEBUG:---Reserved goods:
DEBUG:0 : 12
DEBUG:---Station goods:
DEBUG:0 : 12
DEBUG:0 : 12
DEBUG:Current time: 69-------------------
DEBUG:Ready to load: outbound0
DEBUG:Going good amounts outbound0: {0: 12}
DEBUG:---Reserve Goods
DEBUG:Good name: 0
DEBUG:Needed amount: 12
DEBUG:Good in station: 0
DEBUG:Good reserved: 0
DEBUG:needed amount 0: 0
DEBUG:Loading finish outbound0: 69.0
DEBUG:---Check Goods
DEBUG:---Reserved goods:
DEBUG:0 : 12
DEBUG:---Station goods:
DEBUG:0 : 12
DEBUG:0 : 12
DEBUG:Current time: 70-------------------
DEBUG:Ready to load: outbound0
DEBUG:Going good amounts outbound0: {0: 12}
DEBUG:---Reserve Goods
DEBUG:Good name: 0
DEBUG:Needed amount: 12
DEBUG:Good in station: 0
DEBUG:Good reserved: 0
DEBUG:needed amount 0: 0
DEBUG:Loading finish outbound0: 70.0
DEBUG:---Check Goods
DEBUG:---Reserved goods:
DEBUG:0 : 12
DEBUG:---Station goods:
DEBUG:0 : 12
DEBUG:0 : 12
DEBUG:Current time: 71-------------------
DEBUG:Ready to load: outbound0
DEBUG:Going good amounts outbound0: {0: 12}
DEBUG:---Reserve Goods
DEBUG:Good name: 0
DEBUG:Needed amount: 12
DEBUG:Good in station: 0
DEBUG:Good reserved: 0
DEBUG:needed amount 0: 0
DEBUG:Loading finish outbound0: 71.0
DEBUG:---Check Goods
DEBUG:---Reserved goods:
DEBUG:0 : 12
DEBUG:---Station goods:
DEBUG:0 : 12
DEBUG:0 : 12
DEBUG:Current time: 72-------------------
DEBUG:Ready to load: outbound0
DEBUG:Going good amounts outbound0: {0: 12}
DEBUG:---Reserve Goods
DEBUG:Good name: 0
DEBUG:Needed amount: 12
DEBUG:Good in station: 0
DEBUG:Good reserved: 0
DEBUG:needed amount 0: 0
DEBUG:Loading finish outbound0: 72.0
DEBUG:---Check Goods
DEBUG:---Reserved goods:
DEBUG:0 : 12
DEBUG:---Station goods:
DEBUG:0 : 12
DEBUG:0 : 12
DEBUG:Current time: 73-------------------
DEBUG:Current time: 74-------------------
DEBUG:Current time: 75-------------------
DEBUG:Current time: 76-------------------
DEBUG:Current time: 77-------------------
DEBUG:Current time: 78-------------------
DEBUG:Current time: 79-------------------
DEBUG:Current time: 80-------------------
DEBUG:Current time: 81-------------------
DEBUG:Current time: 82-------------------
DEBUG:Current time: 83-------------------
DEBUG:Current time: 84-------------------
DEBUG:Current time: 85-------------------
DEBUG:Current time: 86-------------------
DEBUG:Current time: 87-------------------
DEBUG:Current time: 88-------------------
DEBUG:Current time: 89-------------------
DEBUG:Current time: 90-------------------
DEBUG:Current time: 91-------------------
DEBUG:Current time: 92-------------------
DEBUG:Current time: 93-------------------
DEBUG:Current time: 94-------------------
DEBUG:Current time: 95-------------------
DEBUG:Current time: 96-------------------
DEBUG:Current time: 97-------------------
DEBUG:Current time: 98-------------------
DEBUG:Current time: 99-------------------
DEBUG:Current time: 100-------------------
DEBUG:Current time: 101-------------------
DEBUG:Current time: 102-------------------
DEBUG:Current time: 103-------------------
DEBUG:Current time: 104-------------------
DEBUG:Current time: 105-------------------
DEBUG:Current time: 106-------------------
DEBUG:Current time: 107-------------------
DEBUG:Current time: 108-------------------
DEBUG:Current time: 109-------------------
DEBUG:Current time: 110-------------------
DEBUG:Current time: 111-------------------
DEBUG:Current time: 112-------------------
DEBUG:Current time: 113-------------------
DEBUG:Current time: 114-------------------
DEBUG:Current time: 115-------------------
DEBUG:Current time: 116-------------------
DEBUG:Current time: 117-------------------
DEBUG:Current time: 118-------------------
DEBUG:Current time: 119-------------------
DEBUG:Current time: 120-------------------
DEBUG:Current time: 121-------------------
DEBUG:Current time: 122-------------------
DEBUG:Current time: 123-------------------
DEBUG:Current time: 124-------------------
DEBUG:Current time: 125-------------------
DEBUG:Current time: 126-------------------
DEBUG:Current time: 127-------------------
DEBUG:Current time: 128-------------------
DEBUG:Current time: 129-------------------
DEBUG:Current time: 130-------------------
DEBUG:Current time: 131-------------------
DEBUG:Current time: 132-------------------
DEBUG:Current time: 133-------------------
DEBUG:Current time: 134-------------------
DEBUG:Current time: 135-------------------
DEBUG:Current time: 136-------------------
DEBUG:Current time: 137-------------------
DEBUG:Current time: 138-------------------
DEBUG:Current time: 139-------------------
DEBUG:Current time: 140-------------------
DEBUG:Current time: 141-------------------
DEBUG:Current time: 142-------------------
DEBUG:Current time: 143-------------------
DEBUG:Current time: 144-------------------
DEBUG:Current time: 145-------------------
DEBUG:Current time: 146-------------------
DEBUG:Current time: 147-------------------
DEBUG:Current time: 148-------------------
DEBUG:Current time: 149-------------------
DEBUG:Current time: 150-------------------
DEBUG:Current time: 151-------------------
DEBUG:Current time: 152-------------------
DEBUG:Current time: 153-------------------
DEBUG:Current time: 154-------------------
DEBUG:Current time: 155-------------------
DEBUG:Current time: 156-------------------
DEBUG:Current time: 157-------------------
DEBUG:Current time: 158-------------------
DEBUG:Current time: 159-------------------
DEBUG:Current time: 160-------------------
DEBUG:Current time: 161-------------------
DEBUG:Current time: 162-------------------
DEBUG:Current time: 163-------------------
DEBUG:Current time: 164-------------------
DEBUG:Current time: 165-------------------
DEBUG:Current time: 166-------------------
DEBUG:Current time: 167-------------------
DEBUG:Current time: 168-------------------
DEBUG:Current time: 169-------------------
DEBUG:Current time: 170-------------------
DEBUG:Current time: 171-------------------
DEBUG:Current time: 172-------------------
DEBUG:Current time: 173-------------------
DEBUG:Current time: 174-------------------
DEBUG:Current time: 175-------------------
DEBUG:Current time: 176-------------------
DEBUG:Current time: 177-------------------
DEBUG:Current time: 178-------------------
DEBUG:Current time: 179-------------------
DEBUG:Current time: 180-------------------
DEBUG:Current time: 181-------------------
DEBUG:Current time: 182-------------------
DEBUG:Current time: 183-------------------
DEBUG:Current time: 184-------------------
DEBUG:Current time: 185-------------------
DEBUG:Current time: 186-------------------
DEBUG:Current time: 187-------------------
DEBUG:Current time: 188-------------------
DEBUG:Current time: 189-------------------
DEBUG:Current time: 190-------------------
DEBUG:Current time: 191-------------------
DEBUG:Current time: 192-------------------
DEBUG:Current time: 193-------------------
DEBUG:Current time: 194-------------------
DEBUG:Current time: 195-------------------
DEBUG:Current time: 196-------------------
DEBUG:Current time: 197-------------------
DEBUG:Current time: 198-------------------
DEBUG:Current time: 199-------------------
DEBUG:Current time: 200-------------------
DEBUG:Current time: 201-------------------
DEBUG:Current time: 202-------------------
DEBUG:Current time: 203-------------------
DEBUG:Current time: 204-------------------
DEBUG:Current time: 205-------------------
DEBUG:Current time: 206-------------------
DEBUG:Current time: 207-------------------
DEBUG:Current time: 208-------------------
DEBUG:Current time: 209-------------------
DEBUG:Current time: 210-------------------
DEBUG:Current time: 211-------------------
DEBUG:Current time: 212-------------------
DEBUG:Current time: 213-------------------
DEBUG:Current time: 214-------------------
DEBUG:Current time: 215-------------------
DEBUG:Current time: 216-------------------
DEBUG:Current time: 217-------------------
DEBUG:Current time: 218-------------------
DEBUG:Current time: 219-------------------
DEBUG:Current time: 220-------------------
DEBUG:Current time: 221-------------------
DEBUG:Current time: 222-------------------
DEBUG:Current time: 223-------------------
DEBUG:Current time: 224-------------------
DEBUG:Current time: 225-------------------
DEBUG:Current time: 226-------------------
DEBUG:Current time: 227-------------------
DEBUG:Current time: 228-------------------
DEBUG:Current time: 229-------------------
DEBUG:Current time: 230-------------------
DEBUG:Current time: 231-------------------
DEBUG:Current time: 232-------------------
DEBUG:Current time: 233-------------------
DEBUG:Current time: 234-------------------
DEBUG:Current time: 235-------------------
DEBUG:Current time: 236-------------------
DEBUG:Current time: 237-------------------
DEBUG:Current time: 238-------------------
DEBUG:Current time: 239-------------------
DEBUG:Current time: 240-------------------
DEBUG:Current time: 241-------------------
DEBUG:Current time: 242-------------------
DEBUG:Current time: 243-------------------
DEBUG:Current time: 244-------------------
DEBUG:Current time: 245-------------------
DEBUG:Current time: 246-------------------
DEBUG:Current time: 247-------------------
DEBUG:Current time: 248-------------------
DEBUG:Current time: 249-------------------
DEBUG:Current time: 250-------------------
DEBUG:Current time: 251-------------------
DEBUG:Current time: 252-------------------
DEBUG:Current time: 253-------------------
DEBUG:Current time: 254-------------------
DEBUG:Current time: 255-------------------
DEBUG:Current time: 256-------------------
DEBUG:Current time: 257-------------------
DEBUG:Current time: 258-------------------
DEBUG:Current time: 259-------------------
DEBUG:Current time: 260-------------------
DEBUG:Current time: 261-------------------
DEBUG:Current time: 262-------------------
DEBUG:Current time: 263-------------------
DEBUG:Current time: 264-------------------
DEBUG:Current time: 265-------------------
DEBUG:Current time: 266-------------------
DEBUG:Current time: 267-------------------
DEBUG:Current time: 268-------------------
DEBUG:Current time: 269-------------------
DEBUG:Current time: 270-------------------
DEBUG:Current time: 271-------------------
DEBUG:Current time: 272-------------------
DEBUG:Current time: 273-------------------
DEBUG:Current time: 274-------------------
DEBUG:Current time: 275-------------------
DEBUG:Current time: 276-------------------
DEBUG:Current time: 277-------------------
DEBUG:Current time: 278-------------------
DEBUG:Current time: 279-------------------
DEBUG:Current time: 280-------------------
DEBUG:Current time: 281-------------------
DEBUG:Current time: 282-------------------
DEBUG:Current time: 283-------------------
DEBUG:Current time: 284-------------------
DEBUG:Current time: 285-------------------
DEBUG:Current time: 286-------------------
DEBUG:Current time: 287-------------------
DEBUG:Current time: 288-------------------
DEBUG:Current time: 289-------------------
DEBUG:Current time: 290-------------------
DEBUG:Current time: 291-------------------
DEBUG:Current time: 292-------------------
DEBUG:Current time: 293-------------------
DEBUG:Current time: 294-------------------
DEBUG:Current time: 295-------------------
DEBUG:Current time: 296-------------------
DEBUG:Current time: 297-------------------
DEBUG:Current time: 298-------------------
DEBUG:Current time: 299-------------------
DEBUG:Current time: 300-------------------
DEBUG:Current time: 301-------------------
DEBUG:Current time: 302-------------------
DEBUG:Current time: 303-------------------
DEBUG:Current time: 304-------------------
DEBUG:Current time: 305-------------------
DEBUG:Current time: 306-------------------
DEBUG:Current time: 307-------------------
DEBUG:Current time: 308-------------------
DEBUG:Current time: 309-------------------
DEBUG:Current time: 310-------------------
DEBUG:Current time: 311-------------------
DEBUG:Current time: 312-------------------
DEBUG:Current time: 313-------------------
DEBUG:Current time: 314-------------------
DEBUG:Current time: 315-------------------
DEBUG:Current time: 316-------------------
DEBUG:Current time: 317-------------------
DEBUG:Current time: 318-------------------
DEBUG:Current time: 319-------------------
DEBUG:Current time: 320-------------------
DEBUG:Current time: 321-------------------
DEBUG:Current time: 322-------------------
DEBUG:Current time: 323-------------------
DEBUG:Current time: 324-------------------
DEBUG:Current time: 325-------------------
DEBUG:Current time: 326-------------------
DEBUG:Current time: 327-------------------
DEBUG:Current time: 328-------------------
DEBUG:Current time: 329-------------------
DEBUG:Current time: 330-------------------
DEBUG:Current time: 331-------------------
DEBUG:Current time: 332-------------------
DEBUG:Current time: 333-------------------
DEBUG:Current time: 334-------------------
DEBUG:Current time: 335-------------------
DEBUG:Current time: 336-------------------
DEBUG:Current time: 337-------------------
DEBUG:Current time: 338-------------------
DEBUG:Current time: 339-------------------
DEBUG:Current time: 340-------------------
DEBUG:Current time: 341-------------------
DEBUG:Current time: 342-------------------
DEBUG:Current time: 343-------------------
DEBUG:Current time: 344-------------------
DEBUG:Current time: 345-------------------
DEBUG:Current time: 346-------------------
DEBUG:Current time: 347-------------------
DEBUG:Current time: 348-------------------
DEBUG:Current time: 349-------------------
DEBUG:Current time: 350-------------------
DEBUG:Current time: 351-------------------
DEBUG:Current time: 352-------------------
DEBUG:Current time: 353-------------------
DEBUG:Current time: 354-------------------
DEBUG:Current time: 355-------------------
DEBUG:Current time: 356-------------------
DEBUG:Current time: 357-------------------
DEBUG:Current time: 358-------------------
DEBUG:Current time: 359-------------------
DEBUG:Current time: 360-------------------
DEBUG:Current time: 361-------------------
DEBUG:Current time: 362-------------------
DEBUG:Current time: 363-------------------
DEBUG:Current time: 364-------------------
DEBUG:Current time: 365-------------------
DEBUG:Current time: 366-------------------
DEBUG:Current time: 367-------------------
DEBUG:Current time: 368-------------------
DEBUG:Current time: 369-------------------
DEBUG:Current time: 370-------------------
DEBUG:Current time: 371-------------------
DEBUG:Current time: 372-------------------
DEBUG:Current time: 373-------------------
DEBUG:Current time: 374-------------------
DEBUG:Current time: 375-------------------
DEBUG:Current time: 376-------------------
DEBUG:Current time: 377-------------------
DEBUG:Current time: 378-------------------
DEBUG:Current time: 379-------------------
DEBUG:Current time: 380-------------------
DEBUG:Current time: 381-------------------
DEBUG:Current time: 382-------------------
DEBUG:Current time: 383-------------------
DEBUG:Current time: 384-------------------
DEBUG:Current time: 385-------------------
DEBUG:Current time: 386-------------------
DEBUG:Current time: 387-------------------
DEBUG:Current time: 388-------------------
DEBUG:Current time: 389-------------------
DEBUG:Current time: 390-------------------
DEBUG:Current time: 391-------------------
DEBUG:Current time: 392-------------------
DEBUG:Current time: 393-------------------
DEBUG:Current time: 394-------------------
DEBUG:Current time: 395-------------------
DEBUG:Current time: 396-------------------
DEBUG:Current time: 397-------------------
DEBUG:Current time: 398-------------------
DEBUG:Current time: 399-------------------
DEBUG:Current time: 400-------------------
DEBUG:Current time: 401-------------------
DEBUG:Current time: 402-------------------
DEBUG:Current time: 403-------------------
DEBUG:Current time: 404-------------------
DEBUG:Current time: 405-------------------
DEBUG:Current time: 406-------------------
DEBUG:Current time: 407-------------------
DEBUG:Current time: 408-------------------
DEBUG:Current time: 409-------------------
DEBUG:Current time: 410-------------------
DEBUG:Current time: 411-------------------
DEBUG:Current time: 412-------------------
DEBUG:Current time: 413-------------------
DEBUG:Current time: 414-------------------
DEBUG:Current time: 415-------------------
DEBUG:Current time: 416-------------------
DEBUG:Current time: 417-------------------
DEBUG:Current time: 418-------------------
DEBUG:Current time: 419-------------------
DEBUG:Current time: 420-------------------
DEBUG:Current time: 421-------------------
DEBUG:Current time: 422-------------------
DEBUG:Current time: 423-------------------
DEBUG:Current time: 424-------------------
DEBUG:Current time: 425-------------------
DEBUG:Current time: 426-------------------
DEBUG:Current time: 427-------------------
DEBUG:Current time: 428-------------------
DEBUG:Current time: 429-------------------
DEBUG:Current time: 430-------------------
DEBUG:Current time: 431-------------------
DEBUG:Current time: 432-------------------
DEBUG:Current time: 433-------------------
DEBUG:Current time: 434-------------------
DEBUG:Current time: 435-------------------
DEBUG:Current time: 436-------------------
DEBUG:Current time: 437-------------------
DEBUG:Current time: 438-------------------
DEBUG:Current time: 439-------------------
DEBUG:Current time: 440-------------------
DEBUG:Current time: 441-------------------
DEBUG:Current time: 442-------------------
DEBUG:Current time: 443-------------------
DEBUG:Current time: 444-------------------
DEBUG:Current time: 445-------------------
DEBUG:Current time: 446-------------------
DEBUG:Current time: 447-------------------
DEBUG:Current time: 448-------------------
DEBUG:Current time: 449-------------------
DEBUG:Current time: 450-------------------
DEBUG:Current time: 451-------------------
DEBUG:Current time: 452-------------------
DEBUG:Current time: 453-------------------
DEBUG:Current time: 454-------------------
DEBUG:Current time: 455-------------------
DEBUG:Current time: 456-------------------
DEBUG:Current time: 457-------------------
DEBUG:Current time: 458-------------------
DEBUG:Current time: 459-------------------
DEBUG:Current time: 460-------------------
DEBUG:Current time: 461-------------------
DEBUG:Current time: 462-------------------
DEBUG:Current time: 463-------------------
DEBUG:Current time: 464-------------------
DEBUG:Current time: 465-------------------
DEBUG:Current time: 466-------------------
DEBUG:Current time: 467-------------------
DEBUG:Current time: 468-------------------
DEBUG:Current time: 469-------------------
DEBUG:Current time: 470-------------------
DEBUG:Current time: 471-------------------
DEBUG:Current time: 472-------------------
DEBUG:Current time: 473-------------------
DEBUG:Current time: 474-------------------
DEBUG:Current time: 475-------------------
DEBUG:Current time: 476-------------------
DEBUG:Current time: 477-------------------
DEBUG:Current time: 478-------------------
DEBUG:Current time: 479-------------------
DEBUG:Current time: 480-------------------
DEBUG:Current time: 481-------------------
DEBUG:Current time: 482-------------------
DEBUG:Current time: 483-------------------
DEBUG:Current time: 484-------------------
DEBUG:Current time: 485-------------------
DEBUG:Current time: 486-------------------
DEBUG:Current time: 487-------------------
DEBUG:Current time: 488-------------------
DEBUG:Current time: 489-------------------
DEBUG:Current time: 490-------------------
DEBUG:Current time: 491-------------------
DEBUG:Current time: 492-------------------
DEBUG:Current time: 493-------------------
DEBUG:Current time: 494-------------------
DEBUG:Current time: 495-------------------
DEBUG:Current time: 496-------------------
DEBUG:Current time: 497-------------------
DEBUG:Current time: 498-------------------
DEBUG:Current time: 499-------------------
DEBUG:Current time: 500-------------------
DEBUG:Current time: 501-------------------
DEBUG:Current time: 502-------------------
DEBUG:Current time: 503-------------------
DEBUG:Current time: 504-------------------
DEBUG:Current time: 505-------------------
DEBUG:Current time: 506-------------------
DEBUG:Current time: 507-------------------
DEBUG:Current time: 508-------------------
DEBUG:Current time: 509-------------------
DEBUG:Current time: 510-------------------
DEBUG:Current time: 511-------------------
DEBUG:Current time: 512-------------------
DEBUG:Current time: 513-------------------
DEBUG:Current time: 514-------------------
DEBUG:Current time: 515-------------------
DEBUG:Current time: 516-------------------
DEBUG:Current time: 517-------------------
DEBUG:Current time: 518-------------------
DEBUG:Current time: 519-------------------
DEBUG:Current time: 520-------------------
DEBUG:Current time: 521-------------------
DEBUG:Current time: 522-------------------
DEBUG:Current time: 523-------------------
DEBUG:Current time: 524-------------------
DEBUG:Current time: 525-------------------
DEBUG:Current time: 526-------------------
DEBUG:Current time: 527-------------------
DEBUG:Current time: 528-------------------
DEBUG:Current time: 529-------------------
DEBUG:Current time: 530-------------------
DEBUG:Current time: 531-------------------
DEBUG:Current time: 532-------------------
DEBUG:Current time: 533-------------------
DEBUG:Current time: 534-------------------
DEBUG:Current time: 535-------------------
DEBUG:Current time: 536-------------------
DEBUG:Current time: 537-------------------
DEBUG:Current time: 538-------------------
DEBUG:Current time: 539-------------------
DEBUG:Current time: 540-------------------
DEBUG:Current time: 541-------------------
DEBUG:Current time: 542-------------------
DEBUG:Current time: 543-------------------
DEBUG:Current time: 544-------------------
DEBUG:Current time: 545-------------------
DEBUG:Current time: 546-------------------
DEBUG:Current time: 547-------------------
DEBUG:Current time: 548-------------------
DEBUG:Current time: 549-------------------
DEBUG:Current time: 550-------------------
DEBUG:Current time: 551-------------------
DEBUG:Current time: 552-------------------
DEBUG:Current time: 553-------------------
DEBUG:Current time: 554-------------------
DEBUG:Current time: 555-------------------
DEBUG:Current time: 556-------------------
DEBUG:Current time: 557-------------------
DEBUG:Current time: 558-------------------
DEBUG:Current time: 559-------------------
DEBUG:Current time: 560-------------------
DEBUG:Current time: 561-------------------
DEBUG:Current time: 562-------------------
DEBUG:Current time: 563-------------------
DEBUG:Current time: 564-------------------
DEBUG:Current time: 565-------------------
DEBUG:Current time: 566-------------------
DEBUG:Current time: 567-------------------
DEBUG:Current time: 568-------------------
DEBUG:Current time: 569-------------------
DEBUG:Current time: 570-------------------
DEBUG:Current time: 571-------------------
DEBUG:Current time: 572-------------------
DEBUG:Current time: 573-------------------
DEBUG:Current time: 574-------------------
DEBUG:Current time: 575-------------------
DEBUG:Current time: 576-------------------
DEBUG:Current time: 577-------------------
DEBUG:Current time: 578-------------------
DEBUG:Current time: 579-------------------
DEBUG:Current time: 580-------------------
DEBUG:Current time: 581-------------------
DEBUG:Current time: 582-------------------
DEBUG:Current time: 583-------------------
DEBUG:Current time: 584-------------------
DEBUG:Current time: 585-------------------
DEBUG:Current time: 586-------------------
DEBUG:Current time: 587-------------------
DEBUG:Current time: 588-------------------
DEBUG:Current time: 589-------------------
DEBUG:Current time: 590-------------------
DEBUG:Current time: 591-------------------
DEBUG:Current time: 592-------------------
DEBUG:Current time: 593-------------------
DEBUG:Current time: 594-------------------
DEBUG:Current time: 595-------------------
DEBUG:Current time: 596-------------------
DEBUG:Current time: 597-------------------
DEBUG:Current time: 598-------------------
DEBUG:Current time: 599-------------------
DEBUG:Current time: 600-------------------
DEBUG:Current time: 601-------------------
DEBUG:Current time: 602-------------------
DEBUG:Current time: 603-------------------
DEBUG:Current time: 604-------------------
DEBUG:Current time: 605-------------------
DEBUG:Current time: 606-------------------
DEBUG:Current time: 607-------------------
DEBUG:Current time: 608-------------------
DEBUG:Current time: 609-------------------
DEBUG:Current time: 610-------------------
DEBUG:Current time: 611-------------------
DEBUG:Current time: 612-------------------
DEBUG:Current time: 613-------------------
DEBUG:Current time: 614-------------------
DEBUG:Current time: 615-------------------
DEBUG:Current time: 616-------------------
DEBUG:Current time: 617-------------------
DEBUG:Current time: 618-------------------
DEBUG:Current time: 619-------------------
DEBUG:Current time: 620-------------------
DEBUG:Current time: 621-------------------
DEBUG:Current time: 622-------------------
DEBUG:Current time: 623-------------------
DEBUG:Current time: 624-------------------
DEBUG:Current time: 625-------------------
DEBUG:Current time: 626-------------------
DEBUG:Current time: 627-------------------
DEBUG:Current time: 628-------------------
DEBUG:Current time: 629-------------------
DEBUG:Current time: 630-------------------
DEBUG:Current time: 631-------------------
DEBUG:Current time: 632-------------------
DEBUG:Current time: 633-------------------
DEBUG:Current time: 634-------------------
DEBUG:Current time: 635-------------------
DEBUG:Current time: 636-------------------
DEBUG:Current time: 637-------------------
DEBUG:Current time: 638-------------------
DEBUG:Current time: 639-------------------
DEBUG:Current time: 640-------------------
DEBUG:Current time: 641-------------------
DEBUG:Current time: 642-------------------
DEBUG:Current time: 643-------------------
DEBUG:Current time: 644-------------------
DEBUG:Current time: 645-------------------
DEBUG:Current time: 646-------------------
DEBUG:Current time: 647-------------------
DEBUG:Current time: 648-------------------
DEBUG:Current time: 649-------------------
DEBUG:Current time: 650-------------------
DEBUG:Current time: 651-------------------
DEBUG:Current time: 652-------------------
DEBUG:Current time: 653-------------------
DEBUG:Current time: 654-------------------
DEBUG:Current time: 655-------------------
DEBUG:Current time: 656-------------------
DEBUG:Current time: 657-------------------
DEBUG:Current time: 658-------------------
DEBUG:Current time: 659-------------------
DEBUG:Current time: 660-------------------
DEBUG:Current time: 661-------------------
DEBUG:Current time: 662-------------------
DEBUG:Current time: 663-------------------
DEBUG:Current time: 664-------------------
DEBUG:Current time: 665-------------------
DEBUG:Current time: 666-------------------
DEBUG:Current time: 667-------------------
DEBUG:Current time: 668-------------------
DEBUG:Current time: 669-------------------
DEBUG:Current time: 670-------------------
DEBUG:Current time: 671-------------------
DEBUG:Current time: 672-------------------
DEBUG:Current time: 673-------------------
DEBUG:Current time: 674-------------------
DEBUG:Current time: 675-------------------
DEBUG:Current time: 676-------------------
DEBUG:Current time: 677-------------------
DEBUG:Current time: 678-------------------
DEBUG:Current time: 679-------------------
DEBUG:Current time: 680-------------------
DEBUG:Current time: 681-------------------
DEBUG:Current time: 682-------------------
DEBUG:Current time: 683-------------------
DEBUG:Current time: 684-------------------
DEBUG:Current time: 685-------------------
DEBUG:Current time: 686-------------------
DEBUG:Current time: 687-------------------
DEBUG:Current time: 688-------------------
DEBUG:Current time: 689-------------------
DEBUG:Current time: 690-------------------
DEBUG:Current time: 691-------------------
DEBUG:Current time: 692-------------------
DEBUG:Current time: 693-------------------
DEBUG:Current time: 694-------------------
DEBUG:Current time: 695-------------------
DEBUG:Current time: 696-------------------
DEBUG:Current time: 697-------------------
DEBUG:Current time: 698-------------------
DEBUG:Current time: 699-------------------
DEBUG:Current time: 700-------------------
DEBUG:Current time: 701-------------------
DEBUG:Current time: 702-------------------
DEBUG:Current time: 703-------------------
DEBUG:Current time: 704-------------------
DEBUG:Current time: 705-------------------
DEBUG:Current time: 706-------------------
DEBUG:Current time: 707-------------------
DEBUG:Current time: 708-------------------
DEBUG:Current time: 709-------------------
DEBUG:Current time: 710-------------------
DEBUG:Current time: 711-------------------
DEBUG:Current time: 712-------------------
DEBUG:Current time: 713-------------------
DEBUG:Current time: 714-------------------
DEBUG:Current time: 715-------------------
DEBUG:Current time: 716-------------------
DEBUG:Current time: 717-------------------
DEBUG:Current time: 718-------------------
DEBUG:Current time: 719-------------------
DEBUG:Current time: 720-------------------
DEBUG:Current time: 721-------------------
DEBUG:Current time: 722-------------------
DEBUG:Current time: 723-------------------
DEBUG:Current time: 724-------------------
DEBUG:Current time: 725-------------------
DEBUG:Current time: 726-------------------
DEBUG:Current time: 727-------------------
DEBUG:Current time: 728-------------------
DEBUG:Current time: 729-------------------
DEBUG:Current time: 730-------------------
DEBUG:Current time: 731-------------------
DEBUG:Current time: 732-------------------
DEBUG:Current time: 733-------------------
DEBUG:Current time: 734-------------------
DEBUG:Current time: 735-------------------
DEBUG:Current time: 736-------------------
DEBUG:Current time: 737-------------------
DEBUG:Current time: 738-------------------
DEBUG:Current time: 739-------------------
DEBUG:Current time: 740-------------------
DEBUG:Current time: 741-------------------
DEBUG:Current time: 742-------------------
DEBUG:Current time: 743-------------------
DEBUG:Current time: 744-------------------
DEBUG:Current time: 745-------------------
DEBUG:Current time: 746-------------------
DEBUG:Current time: 747-------------------
DEBUG:Current time: 748-------------------
DEBUG:Current time: 749-------------------
DEBUG:Current time: 750-------------------
DEBUG:Current time: 751-------------------
DEBUG:Current time: 752-------------------
DEBUG:Current time: 753-------------------
DEBUG:Current time: 754-------------------
DEBUG:Current time: 755-------------------
DEBUG:Current time: 756-------------------
DEBUG:Current time: 757-------------------
DEBUG:Current time: 758-------------------
DEBUG:Current time: 759-------------------
DEBUG:Current time: 760-------------------
DEBUG:Current time: 761-------------------
DEBUG:Current time: 762-------------------
DEBUG:Current time: 763-------------------
DEBUG:Current time: 764-------------------
DEBUG:Current time: 765-------------------
DEBUG:Current time: 766-------------------
DEBUG:Current time: 767-------------------
DEBUG:Current time: 768-------------------
DEBUG:Current time: 769-------------------
DEBUG:Current time: 770-------------------
DEBUG:Current time: 771-------------------
DEBUG:Current time: 772-------------------
DEBUG:Current time: 773-------------------
DEBUG:Current time: 774-------------------
DEBUG:Current time: 775-------------------
DEBUG:Current time: 776-------------------
DEBUG:Current time: 777-------------------
DEBUG:Current time: 778-------------------
DEBUG:Current time: 779-------------------
DEBUG:Current time: 780-------------------
DEBUG:Current time: 781-------------------
DEBUG:Current time: 782-------------------
DEBUG:Current time: 783-------------------
DEBUG:Current time: 784-------------------
DEBUG:Current time: 785-------------------
DEBUG:Current time: 786-------------------
DEBUG:Current time: 787-------------------
DEBUG:Current time: 788-------------------
DEBUG:Current time: 789-------------------
DEBUG:Current time: 790-------------------
DEBUG:Current time: 791-------------------
DEBUG:Current time: 792-------------------
DEBUG:Current time: 793-------------------
DEBUG:Current time: 794-------------------
DEBUG:Current time: 795-------------------
DEBUG:Current time: 796-------------------
DEBUG:Current time: 797-------------------
DEBUG:Current time: 798-------------------
DEBUG:Current time: 799-------------------
DEBUG:Current time: 800-------------------
DEBUG:Current time: 801-------------------
INFO:Error: 0

INFO:Random1 next sequence inbound: ['inbound0', 'compound0']
INFO:Random1 next sequence outbound: ['compound0', 'outbound0']
INFO:Iteration Number: 2

INFO:Inbound Sequence: ['inbound0', 'compound0']

INFO:Outbound Sequence: ['compound0', 'outbound0']

INFO:Error value: 0

DEBUG:Current time: 1-------------------
INFO:Data Set Number: 0
DEBUG:Current time: 2-------------------
INFO:Data Set Number: 0
DEBUG:Current time: 3-------------------
INFO:Data Set Number: 0
DEBUG:Current time: 4-------------------
INFO:Data Set Number: 0
DEBUG:Current time: 5-------------------
INFO:Data Set Number: 0
DEBUG:Current time: 6-------------------
DEBUG:----Deploy goods:
DEBUG:------0: 12
DEBUG:----Finish time: 18
INFO:Data Set Number: 0
DEBUG:Current time: 7-------------------
INFO:Data Set Number: 0
DEBUG:Current time: 8-------------------
INFO:Data Set Number: 0
DEBUG:Current time: 9-------------------
INFO:Data Set Number: 0
DEBUG:Current time: 10-------------------
INFO:Data Set Number: 0
DEBUG:Current time: 11-------------------
INFO:Data Set Number: 0
DEBUG:Current time: 12-------------------
INFO:Data Set Number: 0
DEBUG:Current time: 13-------------------
INFO:Data Set Number: 0
DEBUG:Current time: 14-------------------
INFO:Data Set Number: 0
DEBUG:Current time: 15-------------------
INFO:Data Set Number: 0
DEBUG:Current time: 16-------------------
INFO:Data Set Number: 0
DEBUG:Current time: 17-------------------
INFO:Data Set Number: 0
DEBUG:Current time: 18-------------------
INFO:Data Set Number: 0
DEBUG:Current time: 19-------------------
DEBUG:----Deploy goods:
DEBUG:------0: 12
DEBUG:----Finish time: 31
DEBUG:Station: Unloading goods from truck
DEBUG:--Station: good type:0, amount:12
INFO:Data Set Number: 0
DEBUG:Current time: 20-------------------
INFO:Data Set Number: 0
DEBUG:Current time: 21-------------------
INFO:Data Set Number: 0
DEBUG:Current time: 22-------------------
INFO:Data Set Number: 0
DEBUG:Current time: 23-------------------
INFO:Data Set Number: 0
DEBUG:Current time: 24-------------------
INFO:Data Set Number: 0
DEBUG:Current time: 25-------------------
INFO:Data Set Number: 0
DEBUG:Current time: 26-------------------
INFO:Data Set Number: 0
DEBUG:Current time: 27-------------------
INFO:Data Set Number: 0
DEBUG:Current time: 28-------------------
INFO:Data Set Number: 0
DEBUG:Current time: 29-------------------
INFO:Data Set Number: 0
DEBUG:Current time: 30-------------------
INFO:Data Set Number: 0
DEBUG:Current time: 31-------------------
INFO:Data Set Number: 0
DEBUG:Current time: 32-------------------
DEBUG:Station: Unloading goods from truck
DEBUG:--Station: good type:0, amount:24
INFO:Data Set Number: 0
DEBUG:Current time: 33-------------------
INFO:Data Set Number: 0
DEBUG:Current time: 34-------------------
INFO:Data Set Number: 0
DEBUG:Current time: 35-------------------
INFO:Data Set Number: 0
DEBUG:Current time: 36-------------------
INFO:Data Set Number: 0
DEBUG:Current time: 37-------------------
DEBUG:Ready to load: compound0
DEBUG:Ready to load: compound0
DEBUG:Going good amounts compound0: {0: 12}
DEBUG:---Reserve Goods
DEBUG:Good name: 0
DEBUG:Needed amount: 12
DEBUG:Good in station: 0
DEBUG:Good reserved: 0
DEBUG:needed amount 0: 0
DEBUG:Loading finish compound0: 49.0
DEBUG:---Check Goods
DEBUG:---Reserved goods:
DEBUG:0 : 12
DEBUG:---Station goods:
DEBUG:0 : 12
DEBUG:0 : 12
DEBUG:Total good in station 12
DEBUG:Needed goods 12
DEBUG:Enough goods True
INFO:Data Set Number: 0
DEBUG:Current time: 38-------------------
DEBUG:Ready to load: outbound0
DEBUG:Ready to load: outbound0
DEBUG:Going good amounts outbound0: {0: 12}
DEBUG:---Reserve Goods
DEBUG:Good name: 0
DEBUG:Needed amount: 12
DEBUG:Good in station: 0
DEBUG:needed amount 0: 12
DEBUG:Loading finish outbound0: 50.0
DEBUG:---Check Goods
DEBUG:---Reserved goods:
DEBUG:0 : 12
DEBUG:---Station goods:
DEBUG:0 : 12
DEBUG:0 : 12
DEBUG:Total good in station 12
DEBUG:Needed goods 12
DEBUG:Enough goods True
DEBUG:Ready to load: compound0
DEBUG:Ready to load: compound0
DEBUG:Going good amounts compound0: {0: 12}
DEBUG:---Reserve Goods
DEBUG:Good name: 0
DEBUG:Needed amount: 12
DEBUG:Good in station: 0
DEBUG:needed amount 0: 12
DEBUG:Loading finish compound0: 50.0
DEBUG:---Check Goods
DEBUG:---Reserved goods:
DEBUG:0 : 12
DEBUG:---Station goods:
DEBUG:0 : 12
DEBUG:0 : 12
